<?xml version="1.0" encoding="UTF-8"?>
<testng-results skipped="0" failed="0" ignored="0" total="1" passed="1">
  <reporter-output>
  </reporter-output>
  <suite name="Surefire suite" duration-ms="22" started-at="2021-12-13T21:08:50Z" finished-at="2021-12-13T21:08:50Z">
    <groups>
    </groups>
    <test name="Surefire test" duration-ms="22" started-at="2021-12-13T21:08:50Z" finished-at="2021-12-13T21:08:50Z">
      <class name="com.orangehrmlive.demo.AppTest">
        <test-method status="PASS" signature="shouldAnswerWithTrue()" name="shouldAnswerWithTrue" duration-ms="4" started-at="2021-12-13T21:08:50Z" finished-at="2021-12-13T21:08:50Z">
          <reporter-output>
          </reporter-output>
        </test-method> <!-- shouldAnswerWithTrue -->
      </class> <!-- com.orangehrmlive.demo.AppTest -->
    </test> <!-- Surefire test -->
  </suite> <!-- Surefire suite -->
</testng-results>
